[debug] [2023-06-12T08:51:55.264Z] ----------------------------------------------------------------------
[debug] [2023-06-12T08:51:55.269Z] Command:       C:\Program Files\nodejs\node.exe C:\Users\AYENI AYODEJI\AppData\Roaming\npm\node_modules\firebase-tools\lib\bin\firebase.js init
[debug] [2023-06-12T08:51:55.271Z] CLI Version:   12.3.1
[debug] [2023-06-12T08:51:55.272Z] Platform:      win32
[debug] [2023-06-12T08:51:55.273Z] Node Version:  v18.16.0
[debug] [2023-06-12T08:51:55.275Z] Time:          Mon Jun 12 2023 09:51:55 GMT+0100 (West Africa Standard Time)
[debug] [2023-06-12T08:51:55.276Z] ----------------------------------------------------------------------
[debug] 
[debug] [2023-06-12T08:51:55.285Z] >>> [apiv2][query] GET https://firebase-public.firebaseio.com/cli.json [none]
[debug] [2023-06-12T08:51:55.606Z] > command requires scopes: ["email","openid","https://www.googleapis.com/auth/cloudplatformprojects.readonly","https://www.googleapis.com/auth/firebase","https://www.googleapis.com/auth/cloud-platform"]
[debug] [2023-06-12T08:51:55.607Z] > authorizing via signed-in user (ayeniayodeji2009@gmail.com)
[info] 
     ######## #### ########  ######## ########     ###     ######  ########
     ##        ##  ##     ## ##       ##     ##  ##   ##  ##       ##
     ######    ##  ########  ######   ########  #########  ######  ######
     ##        ##  ##    ##  ##       ##     ## ##     ##       ## ##
     ##       #### ##     ## ######## ########  ##     ##  ######  ########

You're about to initialize a Firebase project in this directory:

  C:\Users\AYENI AYODEJI\Desktop\Alt school projects and excercise

Before we get started, keep in mind:

  * You are initializing within an existing Firebase project directory

[debug] [2023-06-12T08:51:56.533Z] <<< [apiv2][status] GET https://firebase-public.firebaseio.com/cli.json 200
[debug] [2023-06-12T08:51:56.534Z] <<< [apiv2][body] GET https://firebase-public.firebaseio.com/cli.json {"cloudBuildErrorAfter":1594252800000,"cloudBuildWarnAfter":1590019200000,"defaultNode10After":1594252800000,"minVersion":"3.0.5","node8DeploysDisabledAfter":1613390400000,"node8RuntimeDisabledAfter":1615809600000,"node8WarnAfter":1600128000000}
[info] 
=== Project Setup
[info] 
[info] First, let's associate this project directory with a Firebase project.
[info] You can create multiple project aliases by running firebase use --add, 
[info] but for now we'll just set up a default project.
[info] 
[debug] [2023-06-12T08:55:39.414Z] Using project from CLI flag: altschool-counterapp-project
[debug] [2023-06-12T08:55:39.418Z] > refreshing access token with scopes: []
[debug] [2023-06-12T08:55:39.421Z] >>> [apiv2][query] POST https://www.googleapis.com/oauth2/v3/token [none]
[debug] [2023-06-12T08:55:39.421Z] >>> [apiv2][body] POST https://www.googleapis.com/oauth2/v3/token [omitted]
[debug] [2023-06-12T08:55:40.660Z] <<< [apiv2][status] POST https://www.googleapis.com/oauth2/v3/token 400
[debug] [2023-06-12T08:55:40.660Z] <<< [apiv2][body] POST https://www.googleapis.com/oauth2/v3/token [omitted]
[debug] [2023-06-12T08:55:40.663Z] >>> [apiv2][query] GET https://firebase.googleapis.com/v1beta1/projects/altschool-counterapp-project [none]
[debug] [2023-06-12T08:55:41.196Z] <<< [apiv2][status] GET https://firebase.googleapis.com/v1beta1/projects/altschool-counterapp-project 401
[debug] [2023-06-12T08:55:41.197Z] <<< [apiv2][body] GET https://firebase.googleapis.com/v1beta1/projects/altschool-counterapp-project {"error":{"code":401,"message":"Request had invalid authentication credentials. Expected OAuth 2 access token, login cookie or other valid authentication credential. See https://developers.google.com/identity/sign-in/web/devconsole-project.","status":"UNAUTHENTICATED"}}
[debug] [2023-06-12T08:55:41.199Z] HTTP Error: 401, Request had invalid authentication credentials. Expected OAuth 2 access token, login cookie or other valid authentication credential. See https://developers.google.com/identity/sign-in/web/devconsole-project.
[debug] [2023-06-12T08:55:42.134Z] FirebaseError: HTTP Error: 401, Request had invalid authentication credentials. Expected OAuth 2 access token, login cookie or other valid authentication credential. See https://developers.google.com/identity/sign-in/web/devconsole-project.
    at responseToError (C:\Users\AYENI AYODEJI\AppData\Roaming\npm\node_modules\firebase-tools\lib\responseToError.js:49:12)
    at RetryOperation._fn (C:\Users\AYENI AYODEJI\AppData\Roaming\npm\node_modules\firebase-tools\lib\apiv2.js:288:77)
    at process.processTicksAndRejections (node:internal/process/task_queues:95:5)
[error] 
[error] Error: Failed to get Firebase project altschool-counterapp-project. Please make sure the project exists and your account has permission to access it.
[debug] [2023-06-12T08:57:47.291Z] ----------------------------------------------------------------------
[debug] [2023-06-12T08:57:47.296Z] Command:       C:\Program Files\nodejs\node.exe C:\Users\AYENI AYODEJI\AppData\Roaming\npm\node_modules\firebase-tools\lib\bin\firebase.js use --add
[debug] [2023-06-12T08:57:47.298Z] CLI Version:   12.3.1
[debug] [2023-06-12T08:57:47.299Z] Platform:      win32
[debug] [2023-06-12T08:57:47.300Z] Node Version:  v18.16.0
[debug] [2023-06-12T08:57:47.302Z] Time:          Mon Jun 12 2023 09:57:47 GMT+0100 (West Africa Standard Time)
[debug] [2023-06-12T08:57:47.302Z] ----------------------------------------------------------------------
[debug] 
[debug] [2023-06-12T08:57:47.533Z] > command requires scopes: ["email","openid","https://www.googleapis.com/auth/cloudplatformprojects.readonly","https://www.googleapis.com/auth/firebase","https://www.googleapis.com/auth/cloud-platform"]
[debug] [2023-06-12T08:57:47.534Z] > authorizing via signed-in user (ayeniayodeji2009@gmail.com)
[debug] [2023-06-12T08:57:47.540Z] > refreshing access token with scopes: []
[debug] [2023-06-12T08:57:47.545Z] >>> [apiv2][query] POST https://www.googleapis.com/oauth2/v3/token [none]
[debug] [2023-06-12T08:57:47.546Z] >>> [apiv2][body] POST https://www.googleapis.com/oauth2/v3/token [omitted]
[debug] [2023-06-12T08:57:48.848Z] <<< [apiv2][status] POST https://www.googleapis.com/oauth2/v3/token 400
[debug] [2023-06-12T08:57:48.849Z] <<< [apiv2][body] POST https://www.googleapis.com/oauth2/v3/token [omitted]
[debug] [2023-06-12T08:57:48.854Z] >>> [apiv2][query] GET https://firebase.googleapis.com/v1beta1/projects pageSize=1000
[debug] [2023-06-12T08:57:50.903Z] <<< [apiv2][status] GET https://firebase.googleapis.com/v1beta1/projects 401
[debug] [2023-06-12T08:57:50.903Z] <<< [apiv2][body] GET https://firebase.googleapis.com/v1beta1/projects [omitted]
[debug] [2023-06-12T08:57:50.911Z] HTTP Error: 401, Request had invalid authentication credentials. Expected OAuth 2 access token, login cookie or other valid authentication credential. See https://developers.google.com/identity/sign-in/web/devconsole-project.
[debug] [2023-06-12T08:57:51.395Z] FirebaseError: HTTP Error: 401, Request had invalid authentication credentials. Expected OAuth 2 access token, login cookie or other valid authentication credential. See https://developers.google.com/identity/sign-in/web/devconsole-project.
    at responseToError (C:\Users\AYENI AYODEJI\AppData\Roaming\npm\node_modules\firebase-tools\lib\responseToError.js:49:12)
    at RetryOperation._fn (C:\Users\AYENI AYODEJI\AppData\Roaming\npm\node_modules\firebase-tools\lib\apiv2.js:288:77)
    at process.processTicksAndRejections (node:internal/process/task_queues:95:5)
[error] 
[error] Error: Failed to list Firebase projects. See firebase-debug.log for more info.
[debug] [2023-06-12T09:00:27.507Z] ----------------------------------------------------------------------
[debug] [2023-06-12T09:00:27.513Z] Command:       C:\Program Files\nodejs\node.exe C:\Users\AYENI AYODEJI\AppData\Roaming\npm\node_modules\firebase-tools\lib\bin\firebase.js init
[debug] [2023-06-12T09:00:27.515Z] CLI Version:   12.3.1
[debug] [2023-06-12T09:00:27.516Z] Platform:      win32
[debug] [2023-06-12T09:00:27.516Z] Node Version:  v18.16.0
[debug] [2023-06-12T09:00:27.518Z] Time:          Mon Jun 12 2023 10:00:27 GMT+0100 (West Africa Standard Time)
[debug] [2023-06-12T09:00:27.519Z] ----------------------------------------------------------------------
[debug] 
[debug] [2023-06-12T09:00:27.751Z] > command requires scopes: ["email","openid","https://www.googleapis.com/auth/cloudplatformprojects.readonly","https://www.googleapis.com/auth/firebase","https://www.googleapis.com/auth/cloud-platform"]
[debug] [2023-06-12T09:00:27.753Z] > authorizing via signed-in user (ayeniayodeji2009@gmail.com)
[info] 
     ######## #### ########  ######## ########     ###     ######  ########
     ##        ##  ##     ## ##       ##     ##  ##   ##  ##       ##
     ######    ##  ########  ######   ########  #########  ######  ######
     ##        ##  ##    ##  ##       ##     ## ##     ##       ## ##
     ##       #### ##     ## ######## ########  ##     ##  ######  ########

You're about to initialize a Firebase project in this directory:

  C:\Users\AYENI AYODEJI\Desktop\Alt school projects and excercise

Before we get started, keep in mind:

  * You are initializing within an existing Firebase project directory

[info] 
=== Project Setup
[info] 
[info] First, let's associate this project directory with a Firebase project.
[info] You can create multiple project aliases by running firebase use --add, 
[info] but for now we'll just set up a default project.
[info] 
[debug] [2023-06-12T09:02:19.460Z] Using project from CLI flag: altschool-counterapp-project
[debug] [2023-06-12T09:02:19.466Z] > refreshing access token with scopes: []
[debug] [2023-06-12T09:02:19.480Z] >>> [apiv2][query] POST https://www.googleapis.com/oauth2/v3/token [none]
[debug] [2023-06-12T09:02:19.482Z] >>> [apiv2][body] POST https://www.googleapis.com/oauth2/v3/token [omitted]
[debug] [2023-06-12T09:02:20.958Z] <<< [apiv2][status] POST https://www.googleapis.com/oauth2/v3/token 400
[debug] [2023-06-12T09:02:20.959Z] <<< [apiv2][body] POST https://www.googleapis.com/oauth2/v3/token [omitted]
[debug] [2023-06-12T09:02:20.961Z] >>> [apiv2][query] GET https://firebase.googleapis.com/v1beta1/projects/altschool-counterapp-project [none]
[debug] [2023-06-12T09:02:21.614Z] <<< [apiv2][status] GET https://firebase.googleapis.com/v1beta1/projects/altschool-counterapp-project 401
[debug] [2023-06-12T09:02:21.615Z] <<< [apiv2][body] GET https://firebase.googleapis.com/v1beta1/projects/altschool-counterapp-project {"error":{"code":401,"message":"Request had invalid authentication credentials. Expected OAuth 2 access token, login cookie or other valid authentication credential. See https://developers.google.com/identity/sign-in/web/devconsole-project.","status":"UNAUTHENTICATED"}}
[debug] [2023-06-12T09:02:21.618Z] HTTP Error: 401, Request had invalid authentication credentials. Expected OAuth 2 access token, login cookie or other valid authentication credential. See https://developers.google.com/identity/sign-in/web/devconsole-project.
[debug] [2023-06-12T09:02:22.280Z] FirebaseError: HTTP Error: 401, Request had invalid authentication credentials. Expected OAuth 2 access token, login cookie or other valid authentication credential. See https://developers.google.com/identity/sign-in/web/devconsole-project.
    at responseToError (C:\Users\AYENI AYODEJI\AppData\Roaming\npm\node_modules\firebase-tools\lib\responseToError.js:49:12)
    at RetryOperation._fn (C:\Users\AYENI AYODEJI\AppData\Roaming\npm\node_modules\firebase-tools\lib\apiv2.js:288:77)
    at process.processTicksAndRejections (node:internal/process/task_queues:95:5)
[error] 
[error] Error: Failed to get Firebase project altschool-counterapp-project. Please make sure the project exists and your account has permission to access it.
